<?xml version="1.0" encoding="UTF-8"?>
<testsuite name="com.patternmatching.UserValidationTest" tests="9" skipped="0" failures="0" errors="0" timestamp="2022-01-18T01:24:09" hostname="DESKTOP-4O5TU4O" time="0.058">
  <properties/>
  <testcase name="fitstName_ifProper_shouldReturnTrue()" classname="com.patternmatching.UserValidationTest" time="0.032"/>
  <testcase name="email_ifNotProper_shouldReturnFalse()" classname="com.patternmatching.UserValidationTest" time="0.002"/>
  <testcase name="password_ifProper_shouldReturnTrue()" classname="com.patternmatching.UserValidationTest" time="0.002"/>
  <testcase name="phoneNumber_ifProper_shouldReturnTrue()" classname="com.patternmatching.UserValidationTest" time="0.002"/>
  <testcase name="password_ifNotProper_shouldReturnFalse()" classname="com.patternmatching.UserValidationTest" time="0.002"/>
  <testcase name="fitstName_ifNotProper_shouldReturnFalse()" classname="com.patternmatching.UserValidationTest" time="0.002"/>
  <testcase name="phoneNumber_ifNotProper_shouldReturnFalse()" classname="com.patternmatching.UserValidationTest" time="0.003"/>
  <testcase name="lastName_ifProper_shouldReturnTrue()" classname="com.patternmatching.UserValidationTest" time="0.002"/>
  <testcase name="email_ifProper_shouldReturnTrue()" classname="com.patternmatching.UserValidationTest" time="0.002"/>
  <system-out><![CDATA[]]></system-out>
  <system-err><![CDATA[]]></system-err>
</testsuite>
